2018-01-29T12:39:41+00:00 CRITICAL Uncaught exception 'Exception' with message 'Ordine non valido.' in /var/www/html/Essenzial/Sito_web/wp-content/plugins/woocommerce/includes/data-stores/abstract-wc-order-data-store-cpt.php:89
Stack trace:
#0 /var/www/html/Essenzial/Sito_web/wp-content/plugins/woocommerce/includes/class-wc-data-store.php(147): Abstract_WC_Order_Data_Store_CPT->read(Object(WC_Order))
#1 /var/www/html/Essenzial/Sito_web/wp-content/plugins/woocommerce/includes/abstracts/abstract-wc-order.php(109): WC_Data_Store->read(Object(WC_Order))
#2 /var/www/html/Essenzial/Sito_web/wp-content/themes/x-child/functions.php(351): WC_Abstract_Order->__construct(19)
#3 [internal function]: order_fields(Object(WC_Checkout))
#4 /var/www/html/Essenzial/Sito_web/wp-includes/class-wp-hook.php(286): call_user_func_array('order_fields', Array)
#5 /var/www/html/Essenzial/Sito_web/wp-includes/class-wp-hook.php(310): WP_Hook->apply_filters('', Array)
#6 /var/www/html/Essenzial/Sito_web/wp-includes/plugin.php(453): WP_Hook->do_action(Array)
#7 /var/www/htm

2018-01-29T12:39:53+00:00 CRITICAL Uncaught exception 'Exception' with message 'Ordine non valido.' in /var/www/html/Essenzial/Sito_web/wp-content/plugins/woocommerce/includes/data-stores/abstract-wc-order-data-store-cpt.php:89
Stack trace:
#0 /var/www/html/Essenzial/Sito_web/wp-content/plugins/woocommerce/includes/class-wc-data-store.php(147): Abstract_WC_Order_Data_Store_CPT->read(Object(WC_Order))
#1 /var/www/html/Essenzial/Sito_web/wp-content/plugins/woocommerce/includes/abstracts/abstract-wc-order.php(109): WC_Data_Store->read(Object(WC_Order))
#2 /var/www/html/Essenzial/Sito_web/wp-content/themes/x-child/functions.php(351): WC_Abstract_Order->__construct(19)
#3 [internal function]: order_fields(Object(WC_Checkout))
#4 /var/www/html/Essenzial/Sito_web/wp-includes/class-wp-hook.php(286): call_user_func_array('order_fields', Array)
#5 /var/www/html/Essenzial/Sito_web/wp-includes/class-wp-hook.php(310): WP_Hook->apply_filters('', Array)
#6 /var/www/html/Essenzial/Sito_web/wp-includes/plugin.php(453): WP_Hook->do_action(Array)
#7 /var/www/htm

2018-01-29T12:42:07+00:00 CRITICAL Uncaught exception 'Exception' with message 'Ordine non valido.' in /var/www/html/Essenzial/Sito_web/wp-content/plugins/woocommerce/includes/data-stores/abstract-wc-order-data-store-cpt.php:89
Stack trace:
#0 /var/www/html/Essenzial/Sito_web/wp-content/plugins/woocommerce/includes/class-wc-data-store.php(147): Abstract_WC_Order_Data_Store_CPT->read(Object(WC_Order))
#1 /var/www/html/Essenzial/Sito_web/wp-content/plugins/woocommerce/includes/abstracts/abstract-wc-order.php(109): WC_Data_Store->read(Object(WC_Order))
#2 /var/www/html/Essenzial/Sito_web/wp-content/themes/x-child/functions.php(351): WC_Abstract_Order->__construct(19)
#3 [internal function]: order_fields(Object(WC_Checkout))
#4 /var/www/html/Essenzial/Sito_web/wp-includes/class-wp-hook.php(286): call_user_func_array('order_fields', Array)
#5 /var/www/html/Essenzial/Sito_web/wp-includes/class-wp-hook.php(310): WP_Hook->apply_filters('', Array)
#6 /var/www/html/Essenzial/Sito_web/wp-includes/plugin.php(453): WP_Hook->do_action(Array)
#7 /var/www/htm

2018-01-29T12:42:51+00:00 CRITICAL Uncaught exception 'Exception' with message 'Ordine non valido.' in /var/www/html/Essenzial/Sito_web/wp-content/plugins/woocommerce/includes/data-stores/abstract-wc-order-data-store-cpt.php:89
Stack trace:
#0 /var/www/html/Essenzial/Sito_web/wp-content/plugins/woocommerce/includes/class-wc-data-store.php(147): Abstract_WC_Order_Data_Store_CPT->read(Object(WC_Order))
#1 /var/www/html/Essenzial/Sito_web/wp-content/plugins/woocommerce/includes/abstracts/abstract-wc-order.php(109): WC_Data_Store->read(Object(WC_Order))
#2 /var/www/html/Essenzial/Sito_web/wp-content/themes/x-child/functions.php(351): WC_Abstract_Order->__construct(19)
#3 [internal function]: order_fields(Object(WC_Checkout))
#4 /var/www/html/Essenzial/Sito_web/wp-includes/class-wp-hook.php(286): call_user_func_array('order_fields', Array)
#5 /var/www/html/Essenzial/Sito_web/wp-includes/class-wp-hook.php(310): WP_Hook->apply_filters('', Array)
#6 /var/www/html/Essenzial/Sito_web/wp-includes/plugin.php(453): WP_Hook->do_action(Array)
#7 /var/www/htm

2018-01-29T12:44:54+00:00 CRITICAL Uncaught exception 'Exception' with message 'Ordine non valido.' in /var/www/html/Essenzial/Sito_web/wp-content/plugins/woocommerce/includes/data-stores/abstract-wc-order-data-store-cpt.php:89
Stack trace:
#0 /var/www/html/Essenzial/Sito_web/wp-content/plugins/woocommerce/includes/class-wc-data-store.php(147): Abstract_WC_Order_Data_Store_CPT->read(Object(WC_Order))
#1 /var/www/html/Essenzial/Sito_web/wp-content/plugins/woocommerce/includes/abstracts/abstract-wc-order.php(109): WC_Data_Store->read(Object(WC_Order))
#2 /var/www/html/Essenzial/Sito_web/wp-content/themes/x-child/functions.php(351): WC_Abstract_Order->__construct(19)
#3 [internal function]: order_fields(Object(WC_Checkout))
#4 /var/www/html/Essenzial/Sito_web/wp-includes/class-wp-hook.php(286): call_user_func_array('order_fields', Array)
#5 /var/www/html/Essenzial/Sito_web/wp-includes/class-wp-hook.php(310): WP_Hook->apply_filters('', Array)
#6 /var/www/html/Essenzial/Sito_web/wp-includes/plugin.php(453): WP_Hook->do_action(Array)
#7 /var/www/htm

2018-03-01T01:13:03+00:00 CRITICAL Call to undefined function get_user_count()

2018-03-08T01:12:43+00:00 CRITICAL Call to undefined function get_user_count()

2018-03-15T01:12:45+00:00 CRITICAL Call to undefined function get_user_count()

2018-03-22T01:13:03+00:00 CRITICAL Call to undefined function get_user_count()

2018-03-29T02:13:03+00:00 CRITICAL Call to undefined function get_user_count()

2018-04-05T02:13:03+00:00 CRITICAL Call to undefined function get_user_count()

2018-06-04T10:18:27+00:00 CRITICAL Call to undefined function load_plugin_text_domain()

2018-06-04T10:18:28+00:00 CRITICAL Call to undefined function load_plugin_text_domain()

2018-06-04T10:18:32+00:00 CRITICAL Call to undefined function load_plugin_text_domain()

2018-06-04T11:38:49+00:00 CRITICAL Call to a member function get_cart() on a non-object

2018-06-04T11:40:34+00:00 CRITICAL Call to a member function get_cart() on a non-object

